Using pre-set license

 COMMAND LINE ARGUMENTS:
/Applications/Unity/Hub/Editor/2020.2.3f1/Unity.app/Contents/MacOS/Unity
-adb2
-batchMode
-noUpm
-name
AssetImportWorker0
-projectPath
/Users/emanabdullah/Documents/GitHub/Design Patterns
-logFile
Logs/AssetImportWorker0.log
-srvPort
49813
Successfully changed project path to: /Users/emanabdullah/Documents/GitHub/Design Patterns
/Users/emanabdullah/Documents/GitHub/Design Patterns
Using Asset Import Pipeline V2.
Refreshing native plugins compatible for Editor in 222.37 ms, found 2 plugins.
Preloading 0 native plugins for Editor in 0.00 ms.
Initialize engine version: 2020.2.3f1 (8ff31bc5bf5b)
[Subsystems] Discovering subsystems at path /Applications/Unity/Hub/Editor/2020.2.3f1/Unity.app/Contents/Resources/UnitySubsystems
[Subsystems] Discovering subsystems at path /Users/emanabdullah/Documents/GitHub/Design Patterns/Assets
GfxDevice: creating device client; threaded=0
2021-06-23 17:26:33.861 Unity[1225:45270] Color LCD preferred device: Intel(R) Iris(TM) Graphics 6000 (low power)
2021-06-23 17:26:33.861 Unity[1225:45270] Metal devices available: 1
2021-06-23 17:26:33.861 Unity[1225:45270] 0: Intel(R) Iris(TM) Graphics 6000 (low power)
2021-06-23 17:26:33.862 Unity[1225:45270] Using device Intel(R) Iris(TM) Graphics 6000 (low power)
Initializing Metal device caps: Intel(R) Iris(TM) Graphics 6000
Initialize mono
Mono path[0] = '/Applications/Unity/Hub/Editor/2020.2.3f1/Unity.app/Contents/Managed'
Mono path[1] = '/Applications/Unity/Hub/Editor/2020.2.3f1/Unity.app/Contents/MonoBleedingEdge/lib/mono/unityjit'
Mono config path = '/Applications/Unity/Hub/Editor/2020.2.3f1/Unity.app/Contents/MonoBleedingEdge/etc'
Using monoOptions --debugger-agent=transport=dt_socket,embedding=1,server=y,suspend=n,address=127.0.0.1:56225
Begin MonoManager ReloadAssembly
Registering precompiled unity dll's ...
Register platform support module: /Applications/Unity/Hub/Editor/2020.2.3f1/Unity.app/Contents/PlaybackEngines/MacStandaloneSupport/UnityEditor.OSXStandalone.Extensions.dll
Register platform support module: /Applications/Unity/Hub/Editor/2020.2.3f1/PlaybackEngines/WindowsStandaloneSupport/UnityEditor.WindowsStandalone.Extensions.dll
Registered in 0.025517 seconds.
Native extension for WindowsStandalone target not found
Native extension for OSXStandalone target not found
Refreshing native plugins compatible for Editor in 67.41 ms, found 2 plugins.
Preloading 0 native plugins for Editor in 0.00 ms.
Invoked RoslynAnalysisRunner static constructor.
RoslynAnalysisRunner will not be running.
RoslynAnalysisRunner has terminated.
Mono: successfully reloaded assembly
- Completed reload, in 15.686 seconds
Platform modules already initialized, skipping
Registering precompiled user dll's ...
Registered in 0.004094 seconds.
Begin MonoManager ReloadAssembly
Native extension for WindowsStandalone target not found
Native extension for OSXStandalone target not found
Refreshing native plugins compatible for Editor in 143.64 ms, found 2 plugins.
Preloading 0 native plugins for Editor in 0.00 ms.
Invoked RoslynAnalysisRunner static constructor.
RoslynAnalysisRunner will not be running.
RoslynAnalysisRunner has terminated.
Mono: successfully reloaded assembly
- Completed reload, in  3.458 seconds
Platform modules already initialized, skipping
========================================================================
Worker process is ready to serve import requests
Launching external process: /Applications/Unity/Hub/Editor/2020.2.3f1/Unity.app/Contents/Tools/UnityShaderCompiler
Launched and connected shader compiler UnityShaderCompiler after 0.06 seconds
Refreshing native plugins compatible for Editor in 0.69 ms, found 2 plugins.
Preloading 0 native plugins for Editor in 0.00 ms.
Unloading 1796 Unused Serialized files (Serialized files now loaded: 0)
System memory in use before: 146.4 MB.
System memory in use after: 146.4 MB.

Unloading 24 unused Assets to reduce memory usage. Loaded Objects now: 2237.
Total: 9.831375 ms (FindLiveObjects: 0.491421 ms CreateObjectMapping: 0.137088 ms MarkObjects: 8.354090 ms  DeleteObjects: 0.845877 ms)

========================================================================
Received Prepare
Registering precompiled user dll's ...
Registered in 0.003254 seconds.
Begin MonoManager ReloadAssembly
Native extension for WindowsStandalone target not found
Native extension for OSXStandalone target not found
Refreshing native plugins compatible for Editor in 0.53 ms, found 2 plugins.
Preloading 0 native plugins for Editor in 0.00 ms.
Invoked RoslynAnalysisRunner static constructor.
RoslynAnalysisRunner will not be running.
RoslynAnalysisRunner has terminated.
Mono: successfully reloaded assembly
- Completed reload, in  2.164 seconds
Platform modules already initialized, skipping
Refreshing native plugins compatible for Editor in 0.69 ms, found 2 plugins.
Preloading 0 native plugins for Editor in 0.00 ms.
Unloading 1791 Unused Serialized files (Serialized files now loaded: 0)
System memory in use before: 146.5 MB.
System memory in use after: 146.5 MB.

Unloading 12 unused Assets to reduce memory usage. Loaded Objects now: 2240.
Total: 4.462021 ms (FindLiveObjects: 0.407777 ms CreateObjectMapping: 0.144414 ms MarkObjects: 3.705079 ms  DeleteObjects: 0.201076 ms)

========================================================================
Received Import Request.
  path: Assets/Strategy/Behaviours.cs
  artifactKey: Guid(8ff04130fe36243aabbeaa7fe9ab78a3) Importer(815301076,1909f56bfc062723c751e8b465ee728b)
Start importing Assets/Strategy/Behaviours.cs using Guid(8ff04130fe36243aabbeaa7fe9ab78a3) Importer(815301076,1909f56bfc062723c751e8b465ee728b)  -> (artifact id: 'c33207bf8dddf92be4ca85917c7efd65') in 1.062186 seconds
  Import took 1.079129 seconds .

AssetImportWorkerClient::OnTransportError - code=2 error=End of file
